[0.236s] DEBUG:colcon:Command line arguments: ['/usr/bin/colcon', 'build', '--packages-select', 'stereo_disp_vpi']
[0.236s] DEBUG:colcon:Parsed command line arguments: Namespace(allow_overriding=[], ament_cmake_args=None, base_paths=['.'], build_base='build', catkin_cmake_args=None, catkin_skip_building_tests=False, cmake_args=None, cmake_clean_cache=False, cmake_clean_first=False, cmake_force_configure=False, cmake_target=None, cmake_target_skip_unavailable=False, continue_on_error=False, event_handlers=None, executor='parallel', ignore_user_meta=False, install_base='install', log_base=None, log_level=None, main=<bound method BuildVerb.main of <colcon_core.verb.build.BuildVerb object at 0x7fdb48c76400>>, merge_install=False, metas=['./colcon.meta'], packages_above=None, packages_above_and_dependencies=None, packages_above_depth=None, packages_end=None, packages_ignore=None, packages_ignore_regex=None, packages_select=['stereo_disp_vpi'], packages_select_build_failed=False, packages_select_by_dep=None, packages_select_regex=None, packages_select_test_failures=False, packages_skip=None, packages_skip_build_finished=False, packages_skip_by_dep=None, packages_skip_regex=None, packages_skip_test_passed=False, packages_skip_up_to=None, packages_start=None, packages_up_to=None, packages_up_to_regex=None, parallel_workers=16, paths=None, symlink_install=False, test_result_base=None, verb_extension=<colcon_core.verb.build.BuildVerb object at 0x7fdb48c76400>, verb_name='build', verb_parser=<colcon_defaults.argument_parser.defaults.DefaultArgumentsDecorator object at 0x7fdb4843bd60>)
[0.281s] Level 1:colcon.colcon_core.package_discovery:discover_packages(colcon_meta) check parameters
[0.281s] Level 1:colcon.colcon_core.package_discovery:discover_packages(recursive) check parameters
[0.281s] Level 1:colcon.colcon_core.package_discovery:discover_packages(ignore) check parameters
[0.281s] Level 1:colcon.colcon_core.package_discovery:discover_packages(path) check parameters
[0.281s] Level 1:colcon.colcon_core.package_discovery:discover_packages(colcon_meta) discover
[0.281s] Level 1:colcon.colcon_core.package_discovery:discover_packages(recursive) discover
[0.281s] INFO:colcon.colcon_core.package_discovery:Crawling recursively for packages in '/workspaces/isaac_ros-dev/stereo_disp_vpi'
[0.281s] Level 1:colcon.colcon_core.package_identification:_identify(.) by extensions ['ignore', 'ignore_ament_install']
[0.281s] Level 1:colcon.colcon_core.package_identification:_identify(.) by extension 'ignore'
[0.281s] Level 1:colcon.colcon_core.package_identification:_identify(.) by extension 'ignore_ament_install'
[0.281s] Level 1:colcon.colcon_core.package_identification:_identify(.) by extensions ['colcon_pkg']
[0.281s] Level 1:colcon.colcon_core.package_identification:_identify(.) by extension 'colcon_pkg'
[0.281s] Level 1:colcon.colcon_core.package_identification:_identify(.) by extensions ['colcon_meta']
[0.281s] Level 1:colcon.colcon_core.package_identification:_identify(.) by extension 'colcon_meta'
[0.281s] Level 1:colcon.colcon_core.package_identification:_identify(.) by extensions ['ros']
[0.281s] Level 1:colcon.colcon_core.package_identification:_identify(.) by extension 'ros'
[0.288s] Level 1:colcon.colcon_core.package_identification:_identify(.) by extensions ['cmake', 'python']
[0.288s] Level 1:colcon.colcon_core.package_identification:_identify(.) by extension 'cmake'
[0.288s] Level 1:colcon.colcon_core.package_identification:_identify(.) by extension 'python'
[0.288s] Level 1:colcon.colcon_core.package_identification:_identify(.) by extensions ['python_setup_py']
[0.288s] Level 1:colcon.colcon_core.package_identification:_identify(.) by extension 'python_setup_py'
[0.288s] Level 1:colcon.colcon_core.package_identification:_identify(build) by extensions ['ignore', 'ignore_ament_install']
[0.288s] Level 1:colcon.colcon_core.package_identification:_identify(build) by extension 'ignore'
[0.288s] Level 1:colcon.colcon_core.package_identification:_identify(build) ignored
[0.288s] Level 1:colcon.colcon_core.package_identification:_identify(install) by extensions ['ignore', 'ignore_ament_install']
[0.288s] Level 1:colcon.colcon_core.package_identification:_identify(install) by extension 'ignore'
[0.288s] Level 1:colcon.colcon_core.package_identification:_identify(install) ignored
[0.289s] Level 1:colcon.colcon_core.package_identification:_identify(log) by extensions ['ignore', 'ignore_ament_install']
[0.289s] Level 1:colcon.colcon_core.package_identification:_identify(log) by extension 'ignore'
[0.289s] Level 1:colcon.colcon_core.package_identification:_identify(log) ignored
[0.289s] Level 1:colcon.colcon_core.package_identification:_identify(src) by extensions ['ignore', 'ignore_ament_install']
[0.289s] Level 1:colcon.colcon_core.package_identification:_identify(src) by extension 'ignore'
[0.289s] Level 1:colcon.colcon_core.package_identification:_identify(src) by extension 'ignore_ament_install'
[0.289s] Level 1:colcon.colcon_core.package_identification:_identify(src) by extensions ['colcon_pkg']
[0.289s] Level 1:colcon.colcon_core.package_identification:_identify(src) by extension 'colcon_pkg'
[0.289s] Level 1:colcon.colcon_core.package_identification:_identify(src) by extensions ['colcon_meta']
[0.289s] Level 1:colcon.colcon_core.package_identification:_identify(src) by extension 'colcon_meta'
[0.289s] Level 1:colcon.colcon_core.package_identification:_identify(src) by extensions ['ros']
[0.289s] Level 1:colcon.colcon_core.package_identification:_identify(src) by extension 'ros'
[0.289s] Level 1:colcon.colcon_core.package_identification:_identify(src) by extensions ['cmake', 'python']
[0.289s] Level 1:colcon.colcon_core.package_identification:_identify(src) by extension 'cmake'
[0.289s] Level 1:colcon.colcon_core.package_identification:_identify(src) by extension 'python'
[0.289s] Level 1:colcon.colcon_core.package_identification:_identify(src) by extensions ['python_setup_py']
[0.289s] Level 1:colcon.colcon_core.package_identification:_identify(src) by extension 'python_setup_py'
[0.289s] Level 1:colcon.colcon_core.package_identification:_identify(src/stereo_disp_vpi) by extensions ['ignore', 'ignore_ament_install']
[0.289s] Level 1:colcon.colcon_core.package_identification:_identify(src/stereo_disp_vpi) by extension 'ignore'
[0.289s] Level 1:colcon.colcon_core.package_identification:_identify(src/stereo_disp_vpi) by extension 'ignore_ament_install'
[0.289s] Level 1:colcon.colcon_core.package_identification:_identify(src/stereo_disp_vpi) by extensions ['colcon_pkg']
[0.289s] Level 1:colcon.colcon_core.package_identification:_identify(src/stereo_disp_vpi) by extension 'colcon_pkg'
[0.289s] Level 1:colcon.colcon_core.package_identification:_identify(src/stereo_disp_vpi) by extensions ['colcon_meta']
[0.289s] Level 1:colcon.colcon_core.package_identification:_identify(src/stereo_disp_vpi) by extension 'colcon_meta'
[0.289s] Level 1:colcon.colcon_core.package_identification:_identify(src/stereo_disp_vpi) by extensions ['ros']
[0.289s] Level 1:colcon.colcon_core.package_identification:_identify(src/stereo_disp_vpi) by extension 'ros'
[0.290s] DEBUG:colcon.colcon_core.package_identification:Package 'src/stereo_disp_vpi' with type 'ros.ament_python' and name 'stereo_disp_vpi'
[0.290s] Level 1:colcon.colcon_core.package_discovery:discover_packages(recursive) using defaults
[0.290s] Level 1:colcon.colcon_core.package_discovery:discover_packages(ignore) discover
[0.290s] Level 1:colcon.colcon_core.package_discovery:discover_packages(ignore) using defaults
[0.290s] Level 1:colcon.colcon_core.package_discovery:discover_packages(path) discover
[0.290s] Level 1:colcon.colcon_core.package_discovery:discover_packages(path) using defaults
[0.307s] Level 1:colcon.colcon_core.package_discovery:discover_packages(prefix_path) check parameters
[0.307s] Level 1:colcon.colcon_core.package_discovery:discover_packages(prefix_path) discover
[0.312s] DEBUG:colcon.colcon_installed_package_information.package_discovery:Found 313 installed packages in /opt/ros/humble/install
[0.313s] Level 1:colcon.colcon_core.package_discovery:discover_packages(prefix_path) using defaults
[0.341s] Level 5:colcon.colcon_core.verb:set package 'stereo_disp_vpi' build argument 'cmake_args' from command line to 'None'
[0.341s] Level 5:colcon.colcon_core.verb:set package 'stereo_disp_vpi' build argument 'cmake_target' from command line to 'None'
[0.341s] Level 5:colcon.colcon_core.verb:set package 'stereo_disp_vpi' build argument 'cmake_target_skip_unavailable' from command line to 'False'
[0.341s] Level 5:colcon.colcon_core.verb:set package 'stereo_disp_vpi' build argument 'cmake_clean_cache' from command line to 'False'
[0.341s] Level 5:colcon.colcon_core.verb:set package 'stereo_disp_vpi' build argument 'cmake_clean_first' from command line to 'False'
[0.341s] Level 5:colcon.colcon_core.verb:set package 'stereo_disp_vpi' build argument 'cmake_force_configure' from command line to 'False'
[0.341s] Level 5:colcon.colcon_core.verb:set package 'stereo_disp_vpi' build argument 'ament_cmake_args' from command line to 'None'
[0.341s] Level 5:colcon.colcon_core.verb:set package 'stereo_disp_vpi' build argument 'catkin_cmake_args' from command line to 'None'
[0.341s] Level 5:colcon.colcon_core.verb:set package 'stereo_disp_vpi' build argument 'catkin_skip_building_tests' from command line to 'False'
[0.341s] DEBUG:colcon.colcon_core.verb:Building package 'stereo_disp_vpi' with the following arguments: {'ament_cmake_args': None, 'build_base': '/workspaces/isaac_ros-dev/stereo_disp_vpi/build/stereo_disp_vpi', 'catkin_cmake_args': None, 'catkin_skip_building_tests': False, 'cmake_args': None, 'cmake_clean_cache': False, 'cmake_clean_first': False, 'cmake_force_configure': False, 'cmake_target': None, 'cmake_target_skip_unavailable': False, 'install_base': '/workspaces/isaac_ros-dev/stereo_disp_vpi/install/stereo_disp_vpi', 'merge_install': False, 'path': '/workspaces/isaac_ros-dev/stereo_disp_vpi/src/stereo_disp_vpi', 'symlink_install': False, 'test_result_base': None}
[0.342s] INFO:colcon.colcon_core.executor:Executing jobs using 'parallel' executor
[0.345s] DEBUG:colcon.colcon_parallel_executor.executor.parallel:run_until_complete
[0.345s] INFO:colcon.colcon_ros.task.ament_python.build:Building ROS package in '/workspaces/isaac_ros-dev/stereo_disp_vpi/src/stereo_disp_vpi' with build type 'ament_python'
[0.345s] Level 1:colcon.colcon_core.shell:create_environment_hook('stereo_disp_vpi', 'ament_prefix_path')
[0.350s] INFO:colcon.colcon_core.plugin_system:Skipping extension 'colcon_core.shell.bat': Not used on non-Windows systems
[0.350s] INFO:colcon.colcon_core.shell:Creating environment hook '/workspaces/isaac_ros-dev/stereo_disp_vpi/install/stereo_disp_vpi/share/stereo_disp_vpi/hook/ament_prefix_path.ps1'
[0.351s] INFO:colcon.colcon_core.shell:Creating environment descriptor '/workspaces/isaac_ros-dev/stereo_disp_vpi/install/stereo_disp_vpi/share/stereo_disp_vpi/hook/ament_prefix_path.dsv'
[0.351s] INFO:colcon.colcon_core.shell:Creating environment hook '/workspaces/isaac_ros-dev/stereo_disp_vpi/install/stereo_disp_vpi/share/stereo_disp_vpi/hook/ament_prefix_path.sh'
[0.353s] INFO:colcon.colcon_core.shell:Skip shell extension 'powershell' for command environment: Not usable outside of PowerShell
[0.353s] DEBUG:colcon.colcon_core.shell:Skip shell extension 'dsv' for command environment
[0.536s] INFO:colcon.colcon_core.task.python.build:Building Python package in '/workspaces/isaac_ros-dev/stereo_disp_vpi/src/stereo_disp_vpi'
[0.538s] INFO:colcon.colcon_core.shell:Skip shell extension 'powershell' for command environment: Not usable outside of PowerShell
[0.538s] DEBUG:colcon.colcon_core.shell:Skip shell extension 'dsv' for command environment
[0.858s] DEBUG:colcon.colcon_core.event_handler.log_command:Invoking command in '/workspaces/isaac_ros-dev/stereo_disp_vpi/src/stereo_disp_vpi': PYTHONPATH=/workspaces/isaac_ros-dev/stereo_disp_vpi/build/stereo_disp_vpi/prefix_override:/workspaces/isaac_ros-dev/stereo_disp_vpi/install/stereo_disp_vpi/lib/python3.8/site-packages:${PYTHONPATH} /usr/bin/python3 setup.py egg_info --egg-base ../../build/stereo_disp_vpi build --build-base /workspaces/isaac_ros-dev/stereo_disp_vpi/build/stereo_disp_vpi/build install --record /workspaces/isaac_ros-dev/stereo_disp_vpi/build/stereo_disp_vpi/install.log --single-version-externally-managed
[1.118s] DEBUG:colcon.colcon_core.event_handler.log_command:Invoked command in '/workspaces/isaac_ros-dev/stereo_disp_vpi/src/stereo_disp_vpi' returned '0': PYTHONPATH=/workspaces/isaac_ros-dev/stereo_disp_vpi/build/stereo_disp_vpi/prefix_override:/workspaces/isaac_ros-dev/stereo_disp_vpi/install/stereo_disp_vpi/lib/python3.8/site-packages:${PYTHONPATH} /usr/bin/python3 setup.py egg_info --egg-base ../../build/stereo_disp_vpi build --build-base /workspaces/isaac_ros-dev/stereo_disp_vpi/build/stereo_disp_vpi/build install --record /workspaces/isaac_ros-dev/stereo_disp_vpi/build/stereo_disp_vpi/install.log --single-version-externally-managed
[1.123s] Level 1:colcon.colcon_core.environment:checking '/workspaces/isaac_ros-dev/stereo_disp_vpi/install/stereo_disp_vpi' for CMake module files
[1.123s] Level 1:colcon.colcon_core.environment:checking '/workspaces/isaac_ros-dev/stereo_disp_vpi/install/stereo_disp_vpi' for CMake config files
[1.124s] Level 1:colcon.colcon_core.environment:checking '/workspaces/isaac_ros-dev/stereo_disp_vpi/install/stereo_disp_vpi/lib'
[1.124s] Level 1:colcon.colcon_core.environment:checking '/workspaces/isaac_ros-dev/stereo_disp_vpi/install/stereo_disp_vpi/bin'
[1.124s] Level 1:colcon.colcon_core.environment:checking '/workspaces/isaac_ros-dev/stereo_disp_vpi/install/stereo_disp_vpi/lib/pkgconfig/stereo_disp_vpi.pc'
[1.124s] Level 1:colcon.colcon_core.environment:checking '/workspaces/isaac_ros-dev/stereo_disp_vpi/install/stereo_disp_vpi/lib/python3.8/site-packages'
[1.124s] Level 1:colcon.colcon_core.shell:create_environment_hook('stereo_disp_vpi', 'pythonpath')
[1.125s] INFO:colcon.colcon_core.shell:Creating environment hook '/workspaces/isaac_ros-dev/stereo_disp_vpi/install/stereo_disp_vpi/share/stereo_disp_vpi/hook/pythonpath.ps1'
[1.126s] INFO:colcon.colcon_core.shell:Creating environment descriptor '/workspaces/isaac_ros-dev/stereo_disp_vpi/install/stereo_disp_vpi/share/stereo_disp_vpi/hook/pythonpath.dsv'
[1.126s] INFO:colcon.colcon_core.shell:Creating environment hook '/workspaces/isaac_ros-dev/stereo_disp_vpi/install/stereo_disp_vpi/share/stereo_disp_vpi/hook/pythonpath.sh'
[1.126s] Level 1:colcon.colcon_core.environment:checking '/workspaces/isaac_ros-dev/stereo_disp_vpi/install/stereo_disp_vpi/bin'
[1.126s] Level 1:colcon.colcon_core.environment:create_environment_scripts_only(stereo_disp_vpi)
[1.127s] INFO:colcon.colcon_core.shell:Creating package script '/workspaces/isaac_ros-dev/stereo_disp_vpi/install/stereo_disp_vpi/share/stereo_disp_vpi/package.ps1'
[1.128s] INFO:colcon.colcon_core.shell:Creating package descriptor '/workspaces/isaac_ros-dev/stereo_disp_vpi/install/stereo_disp_vpi/share/stereo_disp_vpi/package.dsv'
[1.128s] INFO:colcon.colcon_core.shell:Creating package script '/workspaces/isaac_ros-dev/stereo_disp_vpi/install/stereo_disp_vpi/share/stereo_disp_vpi/package.sh'
[1.128s] INFO:colcon.colcon_core.shell:Creating package script '/workspaces/isaac_ros-dev/stereo_disp_vpi/install/stereo_disp_vpi/share/stereo_disp_vpi/package.bash'
[1.129s] INFO:colcon.colcon_core.shell:Creating package script '/workspaces/isaac_ros-dev/stereo_disp_vpi/install/stereo_disp_vpi/share/stereo_disp_vpi/package.zsh'
[1.129s] Level 1:colcon.colcon_core.environment:create_file_with_runtime_dependencies(/workspaces/isaac_ros-dev/stereo_disp_vpi/install/stereo_disp_vpi/share/colcon-core/packages/stereo_disp_vpi)
[1.130s] DEBUG:colcon.colcon_parallel_executor.executor.parallel:closing loop
[1.130s] DEBUG:colcon.colcon_parallel_executor.executor.parallel:loop closed
[1.130s] DEBUG:colcon.colcon_parallel_executor.executor.parallel:run_until_complete finished with '0'
[1.130s] DEBUG:colcon.colcon_core.event_reactor:joining thread
[1.133s] INFO:colcon.colcon_core.plugin_system:Skipping extension 'colcon_notification.desktop_notification.notify_send': Could not find 'notify-send'
[1.133s] INFO:colcon.colcon_core.plugin_system:Skipping extension 'colcon_notification.desktop_notification.terminal_notifier': Not used on non-Darwin systems
[1.133s] INFO:colcon.colcon_core.plugin_system:Skipping extension 'colcon_notification.desktop_notification.win32': Not used on non-Windows systems
[1.133s] INFO:colcon.colcon_notification.desktop_notification:Sending desktop notification using 'notify2'
[1.135s] DEBUG:colcon.colcon_notification.desktop_notification.notify2:Failed to initialize notify2: org.freedesktop.DBus.Error.Spawn.ExecFailed: /usr/bin/dbus-launch terminated abnormally without any error message
[1.135s] DEBUG:colcon.colcon_core.event_reactor:joined thread
[1.137s] INFO:colcon.colcon_core.shell:Creating prefix script '/workspaces/isaac_ros-dev/stereo_disp_vpi/install/local_setup.ps1'
[1.137s] INFO:colcon.colcon_core.shell:Creating prefix util module '/workspaces/isaac_ros-dev/stereo_disp_vpi/install/_local_setup_util_ps1.py'
[1.138s] INFO:colcon.colcon_core.shell:Creating prefix chain script '/workspaces/isaac_ros-dev/stereo_disp_vpi/install/setup.ps1'
[1.139s] INFO:colcon.colcon_core.shell:Creating prefix script '/workspaces/isaac_ros-dev/stereo_disp_vpi/install/local_setup.sh'
[1.139s] INFO:colcon.colcon_core.shell:Creating prefix util module '/workspaces/isaac_ros-dev/stereo_disp_vpi/install/_local_setup_util_sh.py'
[1.139s] INFO:colcon.colcon_core.shell:Creating prefix chain script '/workspaces/isaac_ros-dev/stereo_disp_vpi/install/setup.sh'
[1.140s] INFO:colcon.colcon_core.shell:Creating prefix script '/workspaces/isaac_ros-dev/stereo_disp_vpi/install/local_setup.bash'
[1.140s] INFO:colcon.colcon_core.shell:Creating prefix chain script '/workspaces/isaac_ros-dev/stereo_disp_vpi/install/setup.bash'
[1.141s] INFO:colcon.colcon_core.shell:Creating prefix script '/workspaces/isaac_ros-dev/stereo_disp_vpi/install/local_setup.zsh'
[1.141s] INFO:colcon.colcon_core.shell:Creating prefix chain script '/workspaces/isaac_ros-dev/stereo_disp_vpi/install/setup.zsh'
