running egg_info
creating ../../build/stereo_disp_vpi/stereo_disp_vpi.egg-info
writing ../../build/stereo_disp_vpi/stereo_disp_vpi.egg-info/PKG-INFO
writing dependency_links to ../../build/stereo_disp_vpi/stereo_disp_vpi.egg-info/dependency_links.txt
writing requirements to ../../build/stereo_disp_vpi/stereo_disp_vpi.egg-info/requires.txt
writing top-level names to ../../build/stereo_disp_vpi/stereo_disp_vpi.egg-info/top_level.txt
writing manifest file '../../build/stereo_disp_vpi/stereo_disp_vpi.egg-info/SOURCES.txt'
reading manifest file '../../build/stereo_disp_vpi/stereo_disp_vpi.egg-info/SOURCES.txt'
writing manifest file '../../build/stereo_disp_vpi/stereo_disp_vpi.egg-info/SOURCES.txt'
running build
running build_py
creating /workspaces/isaac_ros-dev/stereo_disp_vpi/build/stereo_disp_vpi/build
creating /workspaces/isaac_ros-dev/stereo_disp_vpi/build/stereo_disp_vpi/build/lib
creating /workspaces/isaac_ros-dev/stereo_disp_vpi/build/stereo_disp_vpi/build/lib/stereo_disp_vpi
copying stereo_disp_vpi/calibration_configs.py -> /workspaces/isaac_ros-dev/stereo_disp_vpi/build/stereo_disp_vpi/build/lib/stereo_disp_vpi
copying stereo_disp_vpi/stereo_disp_vpi.py -> /workspaces/isaac_ros-dev/stereo_disp_vpi/build/stereo_disp_vpi/build/lib/stereo_disp_vpi
copying stereo_disp_vpi/__init__.py -> /workspaces/isaac_ros-dev/stereo_disp_vpi/build/stereo_disp_vpi/build/lib/stereo_disp_vpi
running install
running install_lib
creating /workspaces/isaac_ros-dev/stereo_disp_vpi/install/stereo_disp_vpi/lib/python3.8/site-packages/stereo_disp_vpi
copying /workspaces/isaac_ros-dev/stereo_disp_vpi/build/stereo_disp_vpi/build/lib/stereo_disp_vpi/calibration_configs.py -> /workspaces/isaac_ros-dev/stereo_disp_vpi/install/stereo_disp_vpi/lib/python3.8/site-packages/stereo_disp_vpi
copying /workspaces/isaac_ros-dev/stereo_disp_vpi/build/stereo_disp_vpi/build/lib/stereo_disp_vpi/stereo_disp_vpi.py -> /workspaces/isaac_ros-dev/stereo_disp_vpi/install/stereo_disp_vpi/lib/python3.8/site-packages/stereo_disp_vpi
copying /workspaces/isaac_ros-dev/stereo_disp_vpi/build/stereo_disp_vpi/build/lib/stereo_disp_vpi/__init__.py -> /workspaces/isaac_ros-dev/stereo_disp_vpi/install/stereo_disp_vpi/lib/python3.8/site-packages/stereo_disp_vpi
byte-compiling /workspaces/isaac_ros-dev/stereo_disp_vpi/install/stereo_disp_vpi/lib/python3.8/site-packages/stereo_disp_vpi/calibration_configs.py to calibration_configs.cpython-38.pyc
byte-compiling /workspaces/isaac_ros-dev/stereo_disp_vpi/install/stereo_disp_vpi/lib/python3.8/site-packages/stereo_disp_vpi/stereo_disp_vpi.py to stereo_disp_vpi.cpython-38.pyc
byte-compiling /workspaces/isaac_ros-dev/stereo_disp_vpi/install/stereo_disp_vpi/lib/python3.8/site-packages/stereo_disp_vpi/__init__.py to __init__.cpython-38.pyc
running install_data
creating /workspaces/isaac_ros-dev/stereo_disp_vpi/install/stereo_disp_vpi/share/ament_index
creating /workspaces/isaac_ros-dev/stereo_disp_vpi/install/stereo_disp_vpi/share/ament_index/resource_index
creating /workspaces/isaac_ros-dev/stereo_disp_vpi/install/stereo_disp_vpi/share/ament_index/resource_index/packages
copying resource/stereo_disp_vpi -> /workspaces/isaac_ros-dev/stereo_disp_vpi/install/stereo_disp_vpi/share/ament_index/resource_index/packages
copying package.xml -> /workspaces/isaac_ros-dev/stereo_disp_vpi/install/stereo_disp_vpi/share/stereo_disp_vpi
running install_egg_info
Copying ../../build/stereo_disp_vpi/stereo_disp_vpi.egg-info to /workspaces/isaac_ros-dev/stereo_disp_vpi/install/stereo_disp_vpi/lib/python3.8/site-packages/stereo_disp_vpi-0.0.0-py3.8.egg-info
running install_scripts
writing list of installed files to '/workspaces/isaac_ros-dev/stereo_disp_vpi/build/stereo_disp_vpi/install.log'
