[0.512s] Invoking command in '/workspaces/isaac_ros-dev/stereo_disp_vpi/src/stereo_disp_vpi': PYTHONPATH=/workspaces/isaac_ros-dev/stereo_disp_vpi/build/stereo_disp_vpi/prefix_override:/workspaces/isaac_ros-dev/stereo_disp_vpi/install/stereo_disp_vpi/lib/python3.8/site-packages:${PYTHONPATH} /usr/bin/python3 setup.py egg_info --egg-base ../../build/stereo_disp_vpi build --build-base /workspaces/isaac_ros-dev/stereo_disp_vpi/build/stereo_disp_vpi/build install --record /workspaces/isaac_ros-dev/stereo_disp_vpi/build/stereo_disp_vpi/install.log --single-version-externally-managed
[0.681s] running egg_info
[0.682s] creating ../../build/stereo_disp_vpi/stereo_disp_vpi.egg-info
[0.686s] writing ../../build/stereo_disp_vpi/stereo_disp_vpi.egg-info/PKG-INFO
[0.686s] writing dependency_links to ../../build/stereo_disp_vpi/stereo_disp_vpi.egg-info/dependency_links.txt
[0.686s] writing requirements to ../../build/stereo_disp_vpi/stereo_disp_vpi.egg-info/requires.txt
[0.686s] writing top-level names to ../../build/stereo_disp_vpi/stereo_disp_vpi.egg-info/top_level.txt
[0.687s] writing manifest file '../../build/stereo_disp_vpi/stereo_disp_vpi.egg-info/SOURCES.txt'
[0.705s] reading manifest file '../../build/stereo_disp_vpi/stereo_disp_vpi.egg-info/SOURCES.txt'
[0.705s] writing manifest file '../../build/stereo_disp_vpi/stereo_disp_vpi.egg-info/SOURCES.txt'
[0.705s] running build
[0.706s] running build_py
[0.706s] creating /workspaces/isaac_ros-dev/stereo_disp_vpi/build/stereo_disp_vpi/build
[0.706s] creating /workspaces/isaac_ros-dev/stereo_disp_vpi/build/stereo_disp_vpi/build/lib
[0.706s] creating /workspaces/isaac_ros-dev/stereo_disp_vpi/build/stereo_disp_vpi/build/lib/stereo_disp_vpi
[0.706s] copying stereo_disp_vpi/calibration_configs.py -> /workspaces/isaac_ros-dev/stereo_disp_vpi/build/stereo_disp_vpi/build/lib/stereo_disp_vpi
[0.706s] copying stereo_disp_vpi/stereo_disp_vpi.py -> /workspaces/isaac_ros-dev/stereo_disp_vpi/build/stereo_disp_vpi/build/lib/stereo_disp_vpi
[0.706s] copying stereo_disp_vpi/__init__.py -> /workspaces/isaac_ros-dev/stereo_disp_vpi/build/stereo_disp_vpi/build/lib/stereo_disp_vpi
[0.706s] running install
[0.709s] running install_lib
[0.714s] creating /workspaces/isaac_ros-dev/stereo_disp_vpi/install/stereo_disp_vpi/lib/python3.8/site-packages/stereo_disp_vpi
[0.714s] copying /workspaces/isaac_ros-dev/stereo_disp_vpi/build/stereo_disp_vpi/build/lib/stereo_disp_vpi/calibration_configs.py -> /workspaces/isaac_ros-dev/stereo_disp_vpi/install/stereo_disp_vpi/lib/python3.8/site-packages/stereo_disp_vpi
[0.714s] copying /workspaces/isaac_ros-dev/stereo_disp_vpi/build/stereo_disp_vpi/build/lib/stereo_disp_vpi/stereo_disp_vpi.py -> /workspaces/isaac_ros-dev/stereo_disp_vpi/install/stereo_disp_vpi/lib/python3.8/site-packages/stereo_disp_vpi
[0.714s] copying /workspaces/isaac_ros-dev/stereo_disp_vpi/build/stereo_disp_vpi/build/lib/stereo_disp_vpi/__init__.py -> /workspaces/isaac_ros-dev/stereo_disp_vpi/install/stereo_disp_vpi/lib/python3.8/site-packages/stereo_disp_vpi
[0.714s] byte-compiling /workspaces/isaac_ros-dev/stereo_disp_vpi/install/stereo_disp_vpi/lib/python3.8/site-packages/stereo_disp_vpi/calibration_configs.py to calibration_configs.cpython-38.pyc
[0.715s] byte-compiling /workspaces/isaac_ros-dev/stereo_disp_vpi/install/stereo_disp_vpi/lib/python3.8/site-packages/stereo_disp_vpi/stereo_disp_vpi.py to stereo_disp_vpi.cpython-38.pyc
[0.716s] byte-compiling /workspaces/isaac_ros-dev/stereo_disp_vpi/install/stereo_disp_vpi/lib/python3.8/site-packages/stereo_disp_vpi/__init__.py to __init__.cpython-38.pyc
[0.716s] running install_data
[0.721s] creating /workspaces/isaac_ros-dev/stereo_disp_vpi/install/stereo_disp_vpi/share/ament_index
[0.721s] creating /workspaces/isaac_ros-dev/stereo_disp_vpi/install/stereo_disp_vpi/share/ament_index/resource_index
[0.721s] creating /workspaces/isaac_ros-dev/stereo_disp_vpi/install/stereo_disp_vpi/share/ament_index/resource_index/packages
[0.721s] copying resource/stereo_disp_vpi -> /workspaces/isaac_ros-dev/stereo_disp_vpi/install/stereo_disp_vpi/share/ament_index/resource_index/packages
[0.721s] copying package.xml -> /workspaces/isaac_ros-dev/stereo_disp_vpi/install/stereo_disp_vpi/share/stereo_disp_vpi
[0.721s] running install_egg_info
[0.726s] Copying ../../build/stereo_disp_vpi/stereo_disp_vpi.egg-info to /workspaces/isaac_ros-dev/stereo_disp_vpi/install/stereo_disp_vpi/lib/python3.8/site-packages/stereo_disp_vpi-0.0.0-py3.8.egg-info
[0.726s] running install_scripts
[0.754s] writing list of installed files to '/workspaces/isaac_ros-dev/stereo_disp_vpi/build/stereo_disp_vpi/install.log'
[0.771s] Invoked command in '/workspaces/isaac_ros-dev/stereo_disp_vpi/src/stereo_disp_vpi' returned '0': PYTHONPATH=/workspaces/isaac_ros-dev/stereo_disp_vpi/build/stereo_disp_vpi/prefix_override:/workspaces/isaac_ros-dev/stereo_disp_vpi/install/stereo_disp_vpi/lib/python3.8/site-packages:${PYTHONPATH} /usr/bin/python3 setup.py egg_info --egg-base ../../build/stereo_disp_vpi build --build-base /workspaces/isaac_ros-dev/stereo_disp_vpi/build/stereo_disp_vpi/build install --record /workspaces/isaac_ros-dev/stereo_disp_vpi/build/stereo_disp_vpi/install.log --single-version-externally-managed
